<?xml version="1.0" encoding="UTF-8"?>
<testng-results skipped="0" failed="0" total="1" passed="1">
  <reporter-output>
  </reporter-output>
  <suite name="Default suite" duration-ms="10377" started-at="2013-08-27T21:15:11Z" finished-at="2013-08-27T21:15:21Z">
    <groups>
    </groups>
    <test name="Default test" duration-ms="10377" started-at="2013-08-27T21:15:11Z" finished-at="2013-08-27T21:15:21Z">
      <class name="Login_lead_app">
        <test-method status="PASS" signature="Login()[pri:0, instance:Login_lead_app@1259578d]" name="Login" duration-ms="10356" started-at="2013-08-27T14:15:11Z" finished-at="2013-08-27T14:15:21Z">
          <reporter-output>
          </reporter-output>
        </test-method> <!-- Login -->
      </class> <!-- Login_lead_app -->
    </test> <!-- Default test -->
  </suite> <!-- Default suite -->
</testng-results>
